[2025-09-23 18:44:31] This is codeql execute queries -J-Xmx3390M --off-heap-ram=3865 --verbosity=progress --logdir=C:\Users\brook\code\HNPLab\ruby-db\rubyexample-db\log --evaluator-log-level=5 --warnings=show --qlconfig-file=C:\Users\brook\code\HNPLab\qlconfig.yml --dynamic-join-order-mode=none --no-rerun --output=C:\Users\brook\code\HNPLab\ruby-db\rubyexample-db\results -- C:\Users\brook\code\HNPLab\ruby-db\rubyexample-db\db-ruby rubyqueries\hnp_component_detection.ql
[2025-09-23 18:44:31] Calling plumbing command: codeql resolve queries --qlconfig-file=C:\Users\brook\code\HNPLab\qlconfig.yml --format=json -- rubyqueries\hnp_component_detection.ql
[2025-09-23 18:44:32] [PROGRESS] resolve queries> Recording pack reference ruby-hnp-queries at C:\Users\brook\code\HNPLab\rubyqueries.
[2025-09-23 18:44:32] Plumbing command codeql resolve queries completed:
                      [
                        "C:\\Users\\brook\\code\\HNPLab\\rubyqueries\\hnp_component_detection.ql"
                      ]
[2025-09-23 18:44:32] Refusing fancy output: The terminal is not an xterm: 
[2025-09-23 18:44:32] Creating executor with 1 threads.
[2025-09-23 18:44:32] Calling plumbing command: codeql resolve extensions --qlconfig-file=C:\Users\brook\code\HNPLab\qlconfig.yml --include-extension-row-locations rubyqueries\hnp_component_detection.ql
[2025-09-23 18:44:32] Calling plumbing command: codeql resolve queries --qlconfig-file=C:\Users\brook\code\HNPLab\qlconfig.yml --allow-library-packs --format startingpacks -- rubyqueries\hnp_component_detection.ql
[2025-09-23 18:44:32] [PROGRESS] resolve queries> Recording pack reference ruby-hnp-queries at C:\Users\brook\code\HNPLab\rubyqueries.
[2025-09-23 18:44:32] Plumbing command codeql resolve queries completed:
                      [
                        "C:\\Users\\brook\\code\\HNPLab\\rubyqueries"
                      ]
[2025-09-23 18:44:32] Calling plumbing command: codeql resolve extensions-by-pack --qlconfig-file=C:\Users\brook\code\HNPLab\qlconfig.yml --include-extension-row-locations -- C:\Users\brook\code\HNPLab\rubyqueries
[2025-09-23 18:44:32] [SPAMMY] resolve extensions-by-pack> [INCOMPATIBILITY] ruby-hnp-queries: not 1.0.0 {root: ruby-hnp-queries@1.0.0}
[2025-09-23 18:44:32] [SPAMMY] resolve extensions-by-pack> [DERIVATION] ruby-hnp-queries: 1.0.0 {ruby-hnp-queries: not 1.0.0 {root: ruby-hnp-queries@1.0.0}}
[2025-09-23 18:44:59] [SPAMMY] resolve extensions-by-pack> [INCOMPATIBILITY] ruby-hnp-queries: * [*], codeql/ruby-all: not * {dependency: ruby-hnp-queries@* [*] requires codeql/ruby-all@*}
[2025-09-23 18:44:59] [SPAMMY] resolve extensions-by-pack> [DECISION 1] ruby-hnp-queries: 1.0.0
[2025-09-23 18:44:59] [SPAMMY] resolve extensions-by-pack> [DERIVATION] codeql/ruby-all: * {ruby-hnp-queries: * [*], codeql/ruby-all: not * {dependency: ruby-hnp-queries@* [*] requires codeql/ruby-all@*}}
[2025-09-23 18:44:59] [SPAMMY] resolve extensions-by-pack> [INCOMPATIBILITY] codeql/ruby-all: * [*] {pack not found: codeql/ruby-all}
[2025-09-23 18:44:59] [SPAMMY] resolve extensions-by-pack> [CONFLICT] codeql/ruby-all: * [*] {pack not found: codeql/ruby-all}
[2025-09-23 18:44:59] [SPAMMY] resolve extensions-by-pack>   [CONSTRAINT] ruby-hnp-queries: 1.0.0
[2025-09-23 18:44:59] [SPAMMY] resolve extensions-by-pack>   [CONSTRAINT] codeql/ruby-all: *
[2025-09-23 18:44:59] [SPAMMY] resolve extensions-by-pack>   [SATISFIER] derivation: codeql/ruby-all: *
[2025-09-23 18:44:59] [SPAMMY] resolve extensions-by-pack>   [ALMOST_SATISFIER] <none>
[2025-09-23 18:44:59] [SPAMMY] resolve extensions-by-pack> [INCOMPATIBILITY] ruby-hnp-queries: * [*] {conflict}
[2025-09-23 18:44:59] [SPAMMY] resolve extensions-by-pack> [FAILURE]
[2025-09-23 18:44:59] [SPAMMY] resolve extensions-by-pack>   Because 'ruby-hnp-queries' depends on 'codeql/ruby-all@*', but pack 'codeql/ruby-all' was not found, version solving failed.
[2025-09-23 18:44:59] [ERROR] resolve extensions-by-pack> ERROR: Referenced pack 'codeql/ruby-all' was not found locally, and no lock file is present for 'ruby-hnp-queries'. Run 'codeql pack install' to create the lock file and download the dependencies. (C:\Users\brook\code\HNPLab\rubyqueries\qlpack.yml:1,1-1)
[2025-09-23 18:44:59] [ERROR] resolve extensions-by-pack> ERROR: No valid pack solution found:
                              Because 'ruby-hnp-queries' depends on 'codeql/ruby-all@*', but pack 'codeql/ruby-all' was not found, version solving failed.
                               (C:\Users\brook\code\HNPLab\rubyqueries\qlpack.yml:1,1-1)
[2025-09-23 18:44:59] Sequence stamp origin is -6000466715411973738
[2025-09-23 18:44:59] Pausing evaluation to close the cache at sequence stamp o+0
[2025-09-23 18:44:59] The disk cache is freshly trimmed; leave it be.
[2025-09-23 18:44:59] Unpausing evaluation
[2025-09-23 18:44:59] This NaiveBuddyAllocator requested 0 eviction rounds.
[2025-09-23 18:44:59] Exception caught at top level: A 'codeql resolve extensions-by-pack' operation failed with error code 2
                      com.semmle.cli2.picocli.PlumbingRunner.call(PlumbingRunner.java:75)
                      com.semmle.cli2.picocli.SubcommandCommon.callPlumbingInProcess(SubcommandCommon.java:170)
                      com.semmle.cli2.resolve.ResolveExtensionsCommand.executeJSON(ResolveExtensionsCommand.java:59)
                      com.semmle.cli2.resolve.ResolveExtensionsCommand.executeJSON(ResolveExtensionsCommand.java:18)
                      com.semmle.cli2.picocli.SimpleJsonSubcommand.executeInsistingOnJSONWithExistingMessages(SimpleJsonSubcommand.java:121)
                      com.semmle.cli2.picocli.SubcommandCommon.withCompilationMessages(SubcommandCommon.java:444)
                      com.semmle.cli2.picocli.SimpleJsonSubcommand.executeInsistingOnJSON(SimpleJsonSubcommand.java:110)
                      com.semmle.cli2.picocli.PlumbingRunner.call(PlumbingRunner.java:61)
                      com.semmle.cli2.picocli.SubcommandCommon.callPlumbingInProcess(SubcommandCommon.java:170)
                      com.semmle.cli2.execute.ExecuteQueriesCommand.resolveExtensions(ExecuteQueriesCommand.java:856)
                      com.semmle.cli2.execute.ExecuteQueriesCommand.executeSubcommand(ExecuteQueriesCommand.java:471)
                      com.semmle.cli2.picocli.SubcommandCommon.lambda$executeSubcommandWithMessages$5(SubcommandCommon.java:892)
                      com.semmle.cli2.picocli.SubcommandCommon.withCompilationMessages(SubcommandCommon.java:444)
                      com.semmle.cli2.picocli.SubcommandCommon.executeSubcommandWithMessages(SubcommandCommon.java:890)
                      com.semmle.cli2.picocli.SubcommandCommon.toplevelMain(SubcommandCommon.java:777)
                      com.semmle.cli2.picocli.SubcommandCommon.call(SubcommandCommon.java:757)
                      com.semmle.cli2.picocli.SubcommandMaker.runMain(SubcommandMaker.java:238)
                      com.semmle.cli2.picocli.SubcommandMaker.runMain(SubcommandMaker.java:259)
                      com.semmle.cli2.CodeQL.main(CodeQL.java:113)
